<?xml version="1.0" encoding="UTF-8"?>
<testng-results ignored="14" total="24" passed="9" failed="1" skipped="0">
  <reporter-output>
  </reporter-output>
  <suite started-at="2022-07-20T13:17:34 PDT" name="Suite" finished-at="2022-07-20T13:21:31 PDT" duration-ms="237126">
    <groups>
      <group name="Sanity">
        <method signature="AccountCreationPageTest.CreateAccountPageTest()[pri:0, instance:com.mystore.testcases.AccountCreationPageTest@3527942a]" name="CreateAccountPageTest" class="com.mystore.testcases.AccountCreationPageTest"/>
        <method signature="AddtoCartPageTest.addToCartPageTest()[pri:0, instance:com.mystore.testcases.AddtoCartPageTest@1ed6388a]" name="addToCartPageTest" class="com.mystore.testcases.AddtoCartPageTest"/>
      </group> <!-- Sanity -->
      <group name="Regression">
        <method signature="AddtoCartPageTest.addToCartPageTest()[pri:0, instance:com.mystore.testcases.AddtoCartPageTest@1ed6388a]" name="addToCartPageTest" class="com.mystore.testcases.AddtoCartPageTest"/>
        <method signature="EndTOEndTest.endtoendTest()[pri:0, instance:com.mystore.testcases.EndTOEndTest@130c12b7]" name="endtoendTest" class="com.mystore.testcases.EndTOEndTest"/>
        <method signature="OrderPageTest.addToCartPageTest()[pri:0, instance:com.mystore.testcases.OrderPageTest@121314f7]" name="addToCartPageTest" class="com.mystore.testcases.OrderPageTest"/>
      </group> <!-- Regression -->
      <group name="sanity">
        <method signature="LoginPageTest.loginTest(java.lang.String,java.lang.String)[pri:0, instance:com.mystore.testcases.LoginPageTest@273e7444]" name="loginTest" class="com.mystore.testcases.LoginPageTest"/>
      </group> <!-- sanity -->
      <group name="Smoke">
        <method signature="HomePageTest.orderHistoryDetailsTest()[pri:0, instance:com.mystore.testcases.HomePageTest@60bd273d]" name="orderHistoryDetailsTest" class="com.mystore.testcases.HomePageTest"/>
        <method signature="HomePageTest.wishListTest()[pri:0, instance:com.mystore.testcases.HomePageTest@60bd273d]" name="wishListTest" class="com.mystore.testcases.HomePageTest"/>
        <method signature="IndexPageTest.verifyLogo()[pri:0, instance:com.mystore.testcases.IndexPageTest@942a29c]" name="verifyLogo" class="com.mystore.testcases.IndexPageTest"/>
        <method signature="IndexPageTest.verifyTitle()[pri:0, instance:com.mystore.testcases.IndexPageTest@942a29c]" name="verifyTitle" class="com.mystore.testcases.IndexPageTest"/>
        <method signature="LoginPageTest.loginTest(java.lang.String,java.lang.String)[pri:0, instance:com.mystore.testcases.LoginPageTest@273e7444]" name="loginTest" class="com.mystore.testcases.LoginPageTest"/>
        <method signature="SearchResultPageTest.productAviabilityTest()[pri:0, instance:com.mystore.testcases.SearchResultPageTest@5a45133e]" name="productAviabilityTest" class="com.mystore.testcases.SearchResultPageTest"/>
      </group> <!-- Smoke -->
    </groups>
    <test started-at="2022-07-20T13:17:34 PDT" name="Test_all" finished-at="2022-07-20T13:21:31 PDT" duration-ms="237126">
      <class name="com.mystore.testcases.AccountCreationPageTest">
        <test-method is-config="true" signature="setup(java.lang.String)[pri:0, instance:com.mystore.testcases.AccountCreationPageTest@3527942a]" started-at="2022-07-20T13:17:49 PDT" name="setup" finished-at="2022-07-20T13:17:56 PDT" duration-ms="6313" status="PASS">
          <params>
            <param index="0">
              <value>
                <![CDATA[Chrome]]>
              </value>
            </param>
          </params>
          <reporter-output>
          </reporter-output>
        </test-method> <!-- setup -->
        <test-method signature="CreateAccountPageTest()[pri:0, instance:com.mystore.testcases.AccountCreationPageTest@3527942a]" started-at="2022-07-20T13:17:56 PDT" name="CreateAccountPageTest" finished-at="2022-07-20T13:18:06 PDT" duration-ms="9787" status="PASS">
          <reporter-output>
          </reporter-output>
        </test-method> <!-- CreateAccountPageTest -->
        <test-method is-config="true" signature="tearDown()[pri:0, instance:com.mystore.testcases.AccountCreationPageTest@3527942a]" started-at="2022-07-20T13:18:06 PDT" name="tearDown" finished-at="2022-07-20T13:18:06 PDT" duration-ms="115" status="PASS">
          <reporter-output>
          </reporter-output>
        </test-method> <!-- tearDown -->
      </class> <!-- com.mystore.testcases.AccountCreationPageTest -->
      <class name="com.mystore.testcases.AddtoCartPageTest">
        <test-method is-config="true" signature="setup(java.lang.String)[pri:0, instance:com.mystore.testcases.AddtoCartPageTest@1ed6388a]" started-at="2022-07-20T13:18:19 PDT" name="setup" finished-at="2022-07-20T13:18:25 PDT" duration-ms="5933" status="PASS">
          <params>
            <param index="0">
              <value>
                <![CDATA[Chrome]]>
              </value>
            </param>
          </params>
          <reporter-output>
          </reporter-output>
        </test-method> <!-- setup -->
        <test-method signature="addToCartPageTest()[pri:0, instance:com.mystore.testcases.AddtoCartPageTest@1ed6388a]" started-at="2022-07-20T13:18:25 PDT" name="addToCartPageTest" finished-at="2022-07-20T13:18:50 PDT" duration-ms="25764" status="FAIL">
          <exception class="java.lang.AssertionError">
            <full-stacktrace>
              <![CDATA[java.lang.AssertionError: 
at org.testng.AssertJUnit.fail(AssertJUnit.java:65)
at org.testng.AssertJUnit.assertTrue(AssertJUnit.java:23)
at org.testng.AssertJUnit.assertTrue(AssertJUnit.java:33)
at com.mystore.testcases.AddtoCartPageTest.addToCartPageTest(AddtoCartPageTest.java:46)
at java.base/jdk.internal.reflect.NativeMethodAccessorImpl.invoke0(Native Method)
at java.base/jdk.internal.reflect.NativeMethodAccessorImpl.invoke(NativeMethodAccessorImpl.java:77)
at java.base/jdk.internal.reflect.DelegatingMethodAccessorImpl.invoke(DelegatingMethodAccessorImpl.java:43)
at java.base/java.lang.reflect.Method.invoke(Method.java:568)
at org.testng.internal.MethodInvocationHelper.invokeMethod(MethodInvocationHelper.java:133)
at org.testng.internal.TestInvoker.invokeMethod(TestInvoker.java:598)
at org.testng.internal.TestInvoker.invokeTestMethod(TestInvoker.java:173)
at org.testng.internal.MethodRunner.runInSequence(MethodRunner.java:46)
at org.testng.internal.TestInvoker$MethodInvocationAgent.invoke(TestInvoker.java:824)
at org.testng.internal.TestInvoker.invokeTestMethods(TestInvoker.java:146)
at org.testng.internal.TestMethodWorker.invokeTestMethods(TestMethodWorker.java:146)
at org.testng.internal.TestMethodWorker.run(TestMethodWorker.java:128)
at java.base/java.util.ArrayList.forEach(ArrayList.java:1511)
at org.testng.TestRunner.privateRun(TestRunner.java:794)
at org.testng.TestRunner.run(TestRunner.java:596)
at org.testng.SuiteRunner.runTest(SuiteRunner.java:377)
at org.testng.SuiteRunner.runSequentially(SuiteRunner.java:371)
at org.testng.SuiteRunner.privateRun(SuiteRunner.java:332)
at org.testng.SuiteRunner.run(SuiteRunner.java:276)
at org.testng.SuiteRunnerWorker.runSuite(SuiteRunnerWorker.java:53)
at org.testng.SuiteRunnerWorker.run(SuiteRunnerWorker.java:96)
at org.testng.TestNG.runSuitesSequentially(TestNG.java:1212)
at org.testng.TestNG.runSuitesLocally(TestNG.java:1134)
at org.testng.TestNG.runSuites(TestNG.java:1063)
at org.testng.TestNG.run(TestNG.java:1031)
at org.testng.remote.AbstractRemoteTestNG.run(AbstractRemoteTestNG.java:115)
at org.testng.remote.RemoteTestNG.initAndRun(RemoteTestNG.java:251)
at org.testng.remote.RemoteTestNG.main(RemoteTestNG.java:77)
]]>
            </full-stacktrace>
          </exception> <!-- java.lang.AssertionError -->
          <reporter-output>
          </reporter-output>
        </test-method> <!-- addToCartPageTest -->
        <test-method is-config="true" signature="tearDown()[pri:0, instance:com.mystore.testcases.AddtoCartPageTest@1ed6388a]" started-at="2022-07-20T13:18:51 PDT" name="tearDown" finished-at="2022-07-20T13:18:51 PDT" duration-ms="141" status="PASS">
          <reporter-output>
          </reporter-output>
        </test-method> <!-- tearDown -->
      </class> <!-- com.mystore.testcases.AddtoCartPageTest -->
      <class name="com.mystore.testcases.EndTOEndTest">
        <test-method is-config="true" signature="setup(java.lang.String)[pri:0, instance:com.mystore.testcases.EndTOEndTest@130c12b7]" started-at="2022-07-20T13:19:48 PDT" name="setup" finished-at="2022-07-20T13:19:54 PDT" duration-ms="6274" status="PASS">
          <params>
            <param index="0">
              <value>
                <![CDATA[Chrome]]>
              </value>
            </param>
          </params>
          <reporter-output>
          </reporter-output>
        </test-method> <!-- setup -->
        <test-method signature="endtoendTest()[pri:0, instance:com.mystore.testcases.EndTOEndTest@130c12b7]" started-at="2022-07-20T13:19:54 PDT" name="endtoendTest" finished-at="2022-07-20T13:21:31 PDT" duration-ms="96622" status="PASS">
          <reporter-output>
          </reporter-output>
        </test-method> <!-- endtoendTest -->
        <test-method is-config="true" signature="tearDown()[pri:0, instance:com.mystore.testcases.EndTOEndTest@130c12b7]" started-at="2022-07-20T13:21:31 PDT" name="tearDown" finished-at="2022-07-20T13:21:31 PDT" duration-ms="114" status="PASS">
          <reporter-output>
          </reporter-output>
        </test-method> <!-- tearDown -->
      </class> <!-- com.mystore.testcases.EndTOEndTest -->
      <class name="com.mystore.testcases.SearchResultPageTest">
        <test-method is-config="true" signature="setup(java.lang.String)[pri:0, instance:com.mystore.testcases.SearchResultPageTest@5a45133e]" started-at="2022-07-20T13:18:51 PDT" name="setup" finished-at="2022-07-20T13:18:58 PDT" duration-ms="6883" status="PASS">
          <params>
            <param index="0">
              <value>
                <![CDATA[Chrome]]>
              </value>
            </param>
          </params>
          <reporter-output>
          </reporter-output>
        </test-method> <!-- setup -->
        <test-method signature="productAviabilityTest()[pri:0, instance:com.mystore.testcases.SearchResultPageTest@5a45133e]" started-at="2022-07-20T13:18:58 PDT" name="productAviabilityTest" finished-at="2022-07-20T13:19:01 PDT" duration-ms="2393" status="PASS">
          <reporter-output>
          </reporter-output>
        </test-method> <!-- productAviabilityTest -->
        <test-method is-config="true" signature="tearDown()[pri:0, instance:com.mystore.testcases.SearchResultPageTest@5a45133e]" started-at="2022-07-20T13:19:01 PDT" name="tearDown" finished-at="2022-07-20T13:19:01 PDT" duration-ms="121" status="PASS">
          <reporter-output>
          </reporter-output>
        </test-method> <!-- tearDown -->
      </class> <!-- com.mystore.testcases.SearchResultPageTest -->
      <class name="com.mystore.testcases.IndexPageTest">
        <test-method is-config="true" signature="setup(java.lang.String)[pri:0, instance:com.mystore.testcases.IndexPageTest@942a29c]" started-at="2022-07-20T13:18:06 PDT" name="setup" finished-at="2022-07-20T13:18:12 PDT" duration-ms="6534" status="PASS">
          <params>
            <param index="0">
              <value>
                <![CDATA[Chrome]]>
              </value>
            </param>
          </params>
          <reporter-output>
          </reporter-output>
        </test-method> <!-- setup -->
        <test-method signature="verifyLogo()[pri:0, instance:com.mystore.testcases.IndexPageTest@942a29c]" started-at="2022-07-20T13:18:12 PDT" name="verifyLogo" finished-at="2022-07-20T13:18:12 PDT" duration-ms="249" status="PASS">
          <reporter-output>
          </reporter-output>
        </test-method> <!-- verifyLogo -->
        <test-method is-config="true" signature="tearDown()[pri:0, instance:com.mystore.testcases.IndexPageTest@942a29c]" started-at="2022-07-20T13:18:12 PDT" name="tearDown" finished-at="2022-07-20T13:18:13 PDT" duration-ms="113" status="PASS">
          <reporter-output>
          </reporter-output>
        </test-method> <!-- tearDown -->
        <test-method is-config="true" signature="setup(java.lang.String)[pri:0, instance:com.mystore.testcases.IndexPageTest@942a29c]" started-at="2022-07-20T13:18:13 PDT" name="setup" finished-at="2022-07-20T13:18:18 PDT" duration-ms="5945" status="PASS">
          <params>
            <param index="0">
              <value>
                <![CDATA[Chrome]]>
              </value>
            </param>
          </params>
          <reporter-output>
          </reporter-output>
        </test-method> <!-- setup -->
        <test-method signature="verifyTitle()[pri:0, instance:com.mystore.testcases.IndexPageTest@942a29c]" started-at="2022-07-20T13:18:18 PDT" name="verifyTitle" finished-at="2022-07-20T13:18:19 PDT" duration-ms="52" status="PASS">
          <reporter-output>
          </reporter-output>
        </test-method> <!-- verifyTitle -->
        <test-method is-config="true" signature="tearDown()[pri:0, instance:com.mystore.testcases.IndexPageTest@942a29c]" started-at="2022-07-20T13:18:19 PDT" name="tearDown" finished-at="2022-07-20T13:18:19 PDT" duration-ms="110" status="PASS">
          <reporter-output>
          </reporter-output>
        </test-method> <!-- tearDown -->
      </class> <!-- com.mystore.testcases.IndexPageTest -->
      <class name="com.mystore.testcases.OrderPageTest">
        <test-method is-config="true" signature="setup(java.lang.String)[pri:0, instance:com.mystore.testcases.OrderPageTest@121314f7]" started-at="2022-07-20T13:19:27 PDT" name="setup" finished-at="2022-07-20T13:19:32 PDT" duration-ms="5919" status="PASS">
          <params>
            <param index="0">
              <value>
                <![CDATA[Chrome]]>
              </value>
            </param>
          </params>
          <reporter-output>
          </reporter-output>
        </test-method> <!-- setup -->
        <test-method signature="addToCartPageTest()[pri:0, instance:com.mystore.testcases.OrderPageTest@121314f7]" started-at="2022-07-20T13:19:32 PDT" name="addToCartPageTest" finished-at="2022-07-20T13:19:48 PDT" duration-ms="15553" status="PASS">
          <reporter-output>
          </reporter-output>
        </test-method> <!-- addToCartPageTest -->
        <test-method is-config="true" signature="tearDown()[pri:0, instance:com.mystore.testcases.OrderPageTest@121314f7]" started-at="2022-07-20T13:19:48 PDT" name="tearDown" finished-at="2022-07-20T13:19:48 PDT" duration-ms="112" status="PASS">
          <reporter-output>
          </reporter-output>
        </test-method> <!-- tearDown -->
      </class> <!-- com.mystore.testcases.OrderPageTest -->
      <class name="com.mystore.testcases.LoginPageTest">
        <test-method is-config="true" signature="loadConfig()[pri:0, instance:com.mystore.testcases.LoginPageTest@273e7444]" started-at="2022-07-20T13:17:34 PDT" name="loadConfig" finished-at="2022-07-20T13:17:34 PDT" duration-ms="324" status="PASS">
          <reporter-output>
          </reporter-output>
        </test-method> <!-- loadConfig -->
        <test-method is-config="true" signature="setup(java.lang.String)[pri:0, instance:com.mystore.testcases.LoginPageTest@273e7444]" started-at="2022-07-20T13:17:35 PDT" name="setup" finished-at="2022-07-20T13:17:42 PDT" duration-ms="7445" status="PASS">
          <params>
            <param index="0">
              <value>
                <![CDATA[Chrome]]>
              </value>
            </param>
          </params>
          <reporter-output>
          </reporter-output>
        </test-method> <!-- setup -->
        <test-method signature="loginTest(java.lang.String,java.lang.String)[pri:0, instance:com.mystore.testcases.LoginPageTest@273e7444]" started-at="2022-07-20T13:17:42 PDT" name="loginTest" data-provider="credentials" finished-at="2022-07-20T13:17:49 PDT" duration-ms="7006" status="PASS">
          <params>
            <param index="0">
              <value>
                <![CDATA[admin@xyz.com]]>
              </value>
            </param>
            <param index="1">
              <value>
                <![CDATA[admin@123]]>
              </value>
            </param>
          </params>
          <reporter-output>
          </reporter-output>
        </test-method> <!-- loginTest -->
        <test-method is-config="true" signature="tearDown()[pri:0, instance:com.mystore.testcases.LoginPageTest@273e7444]" started-at="2022-07-20T13:17:49 PDT" name="tearDown" finished-at="2022-07-20T13:17:49 PDT" duration-ms="129" status="PASS">
          <reporter-output>
          </reporter-output>
        </test-method> <!-- tearDown -->
        <test-method is-config="true" signature="afterSuite()[pri:0, instance:com.mystore.testcases.LoginPageTest@273e7444]" started-at="2022-07-20T13:21:31 PDT" name="afterSuite" finished-at="2022-07-20T13:21:32 PDT" duration-ms="446" status="PASS">
          <reporter-output>
          </reporter-output>
        </test-method> <!-- afterSuite -->
      </class> <!-- com.mystore.testcases.LoginPageTest -->
      <class name="com.mystore.testcases.HomePageTest">
        <test-method is-config="true" signature="setup(java.lang.String)[pri:0, instance:com.mystore.testcases.HomePageTest@60bd273d]" started-at="2022-07-20T13:19:01 PDT" name="setup" finished-at="2022-07-20T13:19:06 PDT" duration-ms="5744" status="PASS">
          <params>
            <param index="0">
              <value>
                <![CDATA[Chrome]]>
              </value>
            </param>
          </params>
          <reporter-output>
          </reporter-output>
        </test-method> <!-- setup -->
        <test-method signature="orderHistoryDetailsTest()[pri:0, instance:com.mystore.testcases.HomePageTest@60bd273d]" started-at="2022-07-20T13:19:06 PDT" name="orderHistoryDetailsTest" finished-at="2022-07-20T13:19:13 PDT" duration-ms="6212" status="PASS">
          <reporter-output>
          </reporter-output>
        </test-method> <!-- orderHistoryDetailsTest -->
        <test-method is-config="true" signature="tearDown()[pri:0, instance:com.mystore.testcases.HomePageTest@60bd273d]" started-at="2022-07-20T13:19:13 PDT" name="tearDown" finished-at="2022-07-20T13:19:13 PDT" duration-ms="121" status="PASS">
          <reporter-output>
          </reporter-output>
        </test-method> <!-- tearDown -->
        <test-method is-config="true" signature="setup(java.lang.String)[pri:0, instance:com.mystore.testcases.HomePageTest@60bd273d]" started-at="2022-07-20T13:19:13 PDT" name="setup" finished-at="2022-07-20T13:19:19 PDT" duration-ms="6169" status="PASS">
          <params>
            <param index="0">
              <value>
                <![CDATA[Chrome]]>
              </value>
            </param>
          </params>
          <reporter-output>
          </reporter-output>
        </test-method> <!-- setup -->
        <test-method signature="wishListTest()[pri:0, instance:com.mystore.testcases.HomePageTest@60bd273d]" started-at="2022-07-20T13:19:19 PDT" name="wishListTest" finished-at="2022-07-20T13:19:26 PDT" duration-ms="7507" status="PASS">
          <reporter-output>
          </reporter-output>
        </test-method> <!-- wishListTest -->
        <test-method is-config="true" signature="tearDown()[pri:0, instance:com.mystore.testcases.HomePageTest@60bd273d]" started-at="2022-07-20T13:19:26 PDT" name="tearDown" finished-at="2022-07-20T13:19:27 PDT" duration-ms="123" status="PASS">
          <reporter-output>
          </reporter-output>
        </test-method> <!-- tearDown -->
      </class> <!-- com.mystore.testcases.HomePageTest -->
    </test> <!-- Test_all -->
  </suite> <!-- Suite -->
</testng-results>
