<?xml version="1.0" encoding="UTF-8"?>
<!-- Generated by org.testng.reporters.JUnitXMLReporter -->
<testsuite ignored="14" hostname="Sasidhars-Air" failures="1" tests="10" name="Test_all" time="237.126" errors="0" timestamp="2022-07-20T13:21:31 PDT">
  <testcase classname="com.mystore.testcases.LoginPageTest" name="loginTest" time="7.006"/>
  <testcase classname="com.mystore.testcases.AccountCreationPageTest" name="CreateAccountPageTest" time="9.787"/>
  <testcase classname="com.mystore.testcases.IndexPageTest" name="verifyLogo" time="0.249"/>
  <testcase classname="com.mystore.testcases.IndexPageTest" name="verifyTitle" time="0.052"/>
  <testcase classname="com.mystore.testcases.AddtoCartPageTest" name="addToCartPageTest" time="25.764">
    <failure type="java.lang.AssertionError">
      <![CDATA[java.lang.AssertionError: 
at com.mystore.testcases.AddtoCartPageTest.addToCartPageTest(AddtoCartPageTest.java:46)
at java.base/java.util.ArrayList.forEach(ArrayList.java:1511)
... Removed 30 stack frames]]>
    </failure>
  </testcase> <!-- addToCartPageTest -->
  <testcase classname="com.mystore.testcases.SearchResultPageTest" name="productAviabilityTest" time="2.393"/>
  <testcase classname="com.mystore.testcases.HomePageTest" name="orderHistoryDetailsTest" time="6.212"/>
  <testcase classname="com.mystore.testcases.HomePageTest" name="wishListTest" time="7.507"/>
  <testcase classname="com.mystore.testcases.OrderPageTest" name="addToCartPageTest" time="15.553"/>
  <testcase classname="com.mystore.testcases.EndTOEndTest" name="endtoendTest" time="96.622"/>
  <testcase classname="com.mystore.base.BaseClass" name="@BeforeSuite loadConfig" time="0.0">
    <ignored/>
  </testcase> <!-- @BeforeSuite loadConfig -->
  <testcase classname="com.mystore.base.BaseClass" name="@BeforeSuite loadConfig" time="0.0">
    <ignored/>
  </testcase> <!-- @BeforeSuite loadConfig -->
  <testcase classname="com.mystore.base.BaseClass" name="@BeforeSuite loadConfig" time="0.0">
    <ignored/>
  </testcase> <!-- @BeforeSuite loadConfig -->
  <testcase classname="com.mystore.base.BaseClass" name="@BeforeSuite loadConfig" time="0.0">
    <ignored/>
  </testcase> <!-- @BeforeSuite loadConfig -->
  <testcase classname="com.mystore.base.BaseClass" name="@BeforeSuite loadConfig" time="0.0">
    <ignored/>
  </testcase> <!-- @BeforeSuite loadConfig -->
  <testcase classname="com.mystore.base.BaseClass" name="@BeforeSuite loadConfig" time="0.0">
    <ignored/>
  </testcase> <!-- @BeforeSuite loadConfig -->
  <testcase classname="com.mystore.base.BaseClass" name="@BeforeSuite loadConfig" time="0.0">
    <ignored/>
  </testcase> <!-- @BeforeSuite loadConfig -->
  <testcase classname="com.mystore.base.BaseClass" name="@AfterSuite afterSuite" time="0.0">
    <ignored/>
  </testcase> <!-- @AfterSuite afterSuite -->
  <testcase classname="com.mystore.base.BaseClass" name="@AfterSuite afterSuite" time="0.0">
    <ignored/>
  </testcase> <!-- @AfterSuite afterSuite -->
  <testcase classname="com.mystore.base.BaseClass" name="@AfterSuite afterSuite" time="0.0">
    <ignored/>
  </testcase> <!-- @AfterSuite afterSuite -->
  <testcase classname="com.mystore.base.BaseClass" name="@AfterSuite afterSuite" time="0.0">
    <ignored/>
  </testcase> <!-- @AfterSuite afterSuite -->
  <testcase classname="com.mystore.base.BaseClass" name="@AfterSuite afterSuite" time="0.0">
    <ignored/>
  </testcase> <!-- @AfterSuite afterSuite -->
  <testcase classname="com.mystore.base.BaseClass" name="@AfterSuite afterSuite" time="0.0">
    <ignored/>
  </testcase> <!-- @AfterSuite afterSuite -->
  <testcase classname="com.mystore.base.BaseClass" name="@AfterSuite afterSuite" time="0.0">
    <ignored/>
  </testcase> <!-- @AfterSuite afterSuite -->
</testsuite> <!-- Test_all -->
